<?xml version="1.0" encoding="UTF-8"?>
<!-- Generated by org.testng.reporters.JUnitXMLReporter -->
<testsuite ignored="0" hostname="Ayyappas-MacBook-Air.local" failures="0" tests="4" name="Test" time="102.557" errors="0" timestamp="2022-05-07T12:58:12 IST">
  <testcase classname="com.ui.sel.ChromeGrid3" name="Test3" time="22.338"/>
  <testcase classname="com.ui.sel.ChromeGrid1" name="Test1" time="29.667"/>
  <testcase classname="com.ui.sel.ChromeGrid2" name="Test2" time="35.922"/>
  <testcase classname="com.ui.sel.FFStandaloneTest" name="FFTest" time="43.109"/>
</testsuite> <!-- Test -->
