<?xml version="1.0" encoding="UTF-8"?>
<!-- Generated by org.testng.reporters.JUnitXMLReporter -->
<testsuite ignored="0" hostname="Ayyappas-MacBook-Air.local" failures="0" tests="3" name="Test" time="28.477" errors="0" timestamp="2022-05-03T13:27:03 IST">
  <testcase classname="com.ui.sel.ChromeGrid3" name="Test3" time="20.237"/>
  <testcase classname="com.ui.sel.ChromeGrid2" name="Test2" time="25.696"/>
  <testcase classname="com.ui.sel.ChromeGrid1" name="Test1" time="28.39"/>
</testsuite> <!-- Test -->
