<?xml version="1.0" encoding="UTF-8"?>
<testng-results ignored="0" total="3" passed="3" failed="0" skipped="0">
  <reporter-output>
  </reporter-output>
  <suite started-at="2022-05-03T13:26:29 IST" name="Suite" finished-at="2022-05-03T13:26:58 IST" duration-ms="28477">
    <groups>
    </groups>
    <test started-at="2022-05-03T13:26:29 IST" name="Test" finished-at="2022-05-03T13:26:58 IST" duration-ms="28477">
      <class name="com.ui.sel.ChromeGrid1">
        <test-method signature="Test1()[pri:0, instance:com.ui.sel.ChromeGrid1@6293abcc]" started-at="2022-05-03T13:26:29 IST" name="Test1" finished-at="2022-05-03T13:26:58 IST" duration-ms="28390" status="PASS">
          <reporter-output>
          </reporter-output>
        </test-method> <!-- Test1 -->
      </class> <!-- com.ui.sel.ChromeGrid1 -->
      <class name="com.ui.sel.ChromeGrid2">
        <test-method signature="Test2()[pri:0, instance:com.ui.sel.ChromeGrid2@7995092a]" started-at="2022-05-03T13:26:29 IST" name="Test2" finished-at="2022-05-03T13:26:55 IST" duration-ms="25696" status="PASS">
          <reporter-output>
          </reporter-output>
        </test-method> <!-- Test2 -->
      </class> <!-- com.ui.sel.ChromeGrid2 -->
      <class name="com.ui.sel.ChromeGrid3">
        <test-method signature="Test3()[pri:0, instance:com.ui.sel.ChromeGrid3@7fc2413d]" started-at="2022-05-03T13:26:29 IST" name="Test3" finished-at="2022-05-03T13:26:50 IST" duration-ms="20237" status="PASS">
          <reporter-output>
          </reporter-output>
        </test-method> <!-- Test3 -->
      </class> <!-- com.ui.sel.ChromeGrid3 -->
    </test> <!-- Test -->
  </suite> <!-- Suite -->
</testng-results>
